[2024-08-12 16:57:21,405] root - INFO - Ran descriptor method MolecularDescriptors
[2024-08-12 16:57:21,407] root - INFO - Displayed DataFrame shape: (74, 6)
[2024-08-12 16:57:21,410] root - INFO - Download button created
[2024-08-12 16:57:21,411] root - INFO - Data saved successfully
[2024-08-12 16:57:33,278] root - INFO - DataCleaner initialized with row_thresh=0.2 and col_thresh=0.2
[2024-08-12 16:57:33,281] root - INFO - Dropped null values, resulting shape: (74, 6)
[2024-08-12 16:57:33,281] root - INFO - Float columns: ['res'], Int columns: ['interactive Donar electrons count', 'interactive Acceptore electrons count', 'negative ionizable electrones count', 'positive_ionizable electrons counts']
[2024-08-12 16:57:33,288] root - INFO - Preprocessor fitted successfully
[2024-08-12 16:57:33,290] root - INFO - Dropped null values, resulting shape: (74, 6)
[2024-08-12 16:57:33,293] root - INFO - Float columns: ['res'], Int columns: ['interactive Donar electrons count', 'interactive Acceptore electrons count', 'negative ionizable electrones count', 'positive_ionizable electrons counts']
[2024-08-12 16:57:33,294] root - INFO - Data transformed successfully
[2024-08-12 16:59:25,151] root - INFO - Ran descriptor method MolecularDescriptors
[2024-08-12 16:59:25,153] root - INFO - Displayed DataFrame shape: (27, 6)
[2024-08-12 16:59:25,154] root - INFO - Download button created
[2024-08-12 16:59:25,156] root - INFO - Data saved successfully
[2024-08-12 17:03:47,699] root - INFO - Ran descriptor method MolecularDescriptors
[2024-08-12 17:03:47,701] root - INFO - Displayed DataFrame shape: (27, 6)
[2024-08-12 17:03:47,702] root - INFO - Download button created
[2024-08-12 17:03:47,704] root - INFO - Data saved successfully
[2024-08-12 17:06:18,947] root - INFO - Ran descriptor method MolecularDescriptors
[2024-08-12 17:06:18,949] root - INFO - Displayed DataFrame shape: (27, 6)
[2024-08-12 17:06:18,950] root - INFO - Download button created
[2024-08-12 17:06:18,952] root - INFO - Data saved successfully
[2024-08-12 17:06:26,132] root - INFO - Validation data saved successfully
[2024-08-12 17:06:29,802] root - INFO - Ran descriptor method MolecularDescriptors
[2024-08-12 17:06:29,804] root - INFO - Displayed DataFrame shape: (27, 6)
[2024-08-12 17:06:29,804] root - INFO - Download button created
[2024-08-12 17:06:29,807] root - INFO - Data saved successfully
[2024-08-12 17:06:32,440] root - INFO - Validation data saved successfully
[2024-08-12 17:06:36,642] root - INFO - Validation data saved successfully
[2024-08-12 17:24:34,303] root - INFO - Validation data saved successfully
[2024-08-12 17:24:36,187] root - INFO - Ran descriptor method MolecularDescriptors
[2024-08-12 17:24:36,190] root - INFO - Displayed DataFrame shape: (27, 6)
[2024-08-12 17:24:36,190] root - INFO - Download button created
[2024-08-12 17:24:36,193] root - INFO - Data saved successfully
[2024-08-12 17:24:39,859] root - INFO - Ran descriptor method MolecularDescriptors
[2024-08-12 17:24:39,861] root - INFO - Displayed DataFrame shape: (27, 6)
[2024-08-12 17:24:39,862] root - INFO - Download button created
[2024-08-12 17:24:39,863] root - INFO - Data saved successfully
[2024-08-12 17:24:42,562] root - INFO - Validation data saved successfully
[2024-08-12 17:25:35,972] root - INFO - Ran descriptor method MolecularDescriptors
[2024-08-12 17:25:35,975] root - INFO - Displayed DataFrame shape: (27, 6)
[2024-08-12 17:25:35,976] root - INFO - Download button created
[2024-08-12 17:25:35,977] root - INFO - Data saved successfully
[2024-08-12 17:25:38,874] root - INFO - Validation data saved successfully
[2024-08-12 17:25:44,359] root - INFO - Validation data saved successfully
[2024-08-12 17:32:54,029] root - INFO - Ran descriptor method MolecularDescriptors
[2024-08-12 17:32:54,043] root - INFO - Displayed DataFrame shape: (27, 6)
[2024-08-12 17:32:54,052] root - INFO - Download button created
[2024-08-12 17:32:54,054] root - INFO - Data saved successfully
[2024-08-12 17:32:56,220] root - INFO - Validation data saved successfully
[2024-08-12 17:33:03,040] root - INFO - Validation data saved successfully
