[2024-08-09 10:12:11,102] root - INFO - Ran FingerprintCalculator with types ['ecfp4']
[2024-08-09 10:12:11,154] root - INFO - Displayed DataFrame shape: (74, 1026)
[2024-08-09 10:12:11,166] root - INFO - Download button created
[2024-08-09 10:12:11,182] root - INFO - Data saved successfully
[2024-08-09 10:30:33,741] root - INFO - Ran descriptor method MolecularDescriptors
[2024-08-09 10:30:33,744] root - INFO - Displayed DataFrame shape: (74, 6)
[2024-08-09 10:30:33,746] root - INFO - Download button created
[2024-08-09 10:30:33,747] root - INFO - Data saved successfully
[2024-08-09 10:31:04,035] root - INFO - DataCleaner initialized with row_thresh=0.2 and col_thresh=0.2
[2024-08-09 10:31:04,037] root - INFO - Dropped null values, resulting shape: (74, 6)
[2024-08-09 10:31:04,037] root - INFO - Float columns: ['res'], Int columns: ['interactive Donar electrons count', 'interactive Acceptore electrons count', 'negative ionizable electrones count', 'positive_ionizable electrons counts']
[2024-08-09 10:31:04,045] root - INFO - Preprocessor fitted successfully
[2024-08-09 10:31:04,046] root - INFO - Dropped null values, resulting shape: (74, 6)
[2024-08-09 10:31:04,049] root - INFO - Float columns: ['res'], Int columns: ['interactive Donar electrons count', 'interactive Acceptore electrons count', 'negative ionizable electrones count', 'positive_ionizable electrons counts']
[2024-08-09 10:31:04,049] root - INFO - Data transformed successfully
[2024-08-09 10:45:36,075] root - INFO - Ran descriptor method MolecularDescriptors
[2024-08-09 10:45:39,505] root - INFO - Validation data saved successfully
[2024-08-09 11:34:20,075] root - INFO - Ran FingerprintCalculator with types ['ecfp4']
[2024-08-09 11:34:20,125] root - INFO - Displayed DataFrame shape: (74, 1026)
[2024-08-09 11:34:20,137] root - INFO - Download button created
[2024-08-09 11:34:20,151] root - INFO - Data saved successfully
[2024-08-09 11:54:41,807] root - INFO - Ran FingerprintCalculator with types ['ecfp4']
[2024-08-09 11:54:41,860] root - INFO - Displayed DataFrame shape: (74, 1026)
[2024-08-09 11:54:41,873] root - INFO - Download button created
[2024-08-09 11:54:41,888] root - INFO - Data saved successfully
[2024-08-09 11:55:24,271] root - INFO - Ran FingerprintCalculator with types ['ecfp4']
[2024-08-09 11:56:09,692] root - INFO - Validation data saved successfully
[2024-08-09 12:09:26,418] root - INFO - Ran descriptor method MolecularDescriptors
[2024-08-09 12:09:26,420] root - INFO - Displayed DataFrame shape: (74, 6)
[2024-08-09 12:09:26,422] root - INFO - Download button created
[2024-08-09 12:09:26,423] root - INFO - Data saved successfully
[2024-08-09 12:10:02,895] root - INFO - Validation data saved successfully
[2024-08-09 12:10:34,176] root - INFO - Validation data saved successfully
[2024-08-09 12:18:33,175] root - INFO - Validation data saved successfully
[2024-08-09 12:19:00,005] root - INFO - Ran descriptor method MolecularDescriptors
[2024-08-09 12:19:00,007] root - INFO - Displayed DataFrame shape: (74, 6)
[2024-08-09 12:19:00,008] root - INFO - Download button created
[2024-08-09 12:19:00,010] root - INFO - Data saved successfully
[2024-08-09 12:19:13,676] root - INFO - Validation data saved successfully
[2024-08-09 12:28:58,705] root - INFO - Validation data saved successfully
[2024-08-09 12:38:26,393] root - INFO - Validation data saved successfully
[2024-08-09 12:43:47,596] root - INFO - Validation data saved successfully
[2024-08-09 12:45:19,937] root - INFO - Validation data saved successfully
[2024-08-09 12:48:32,994] root - INFO - Ran descriptor method DIPOL_RI
[2024-08-09 12:48:32,998] root - INFO - Displayed DataFrame shape: (74, 4)
[2024-08-09 12:48:33,000] root - INFO - Download button created
[2024-08-09 12:48:33,002] root - INFO - Data saved successfully
[2024-08-09 12:49:42,161] root - INFO - Ran descriptor method DIPOL_RI
[2024-08-09 12:50:25,778] root - INFO - Ran FingerprintCalculator with types ['ecfp4']
[2024-08-09 12:50:25,828] root - INFO - Displayed DataFrame shape: (74, 1026)
[2024-08-09 12:50:25,840] root - INFO - Download button created
[2024-08-09 12:50:25,854] root - INFO - Data saved successfully
[2024-08-09 12:50:42,264] root - INFO - Ran FingerprintCalculator with types ['ecfp4']
[2024-08-09 12:51:21,066] root - INFO - Ran descriptor method MolecularDescriptors
[2024-08-09 12:51:21,118] root - INFO - Ran FingerprintCalculator with types ['ecfp4']
[2024-08-09 12:51:21,168] root - INFO - Displayed DataFrame shape: (74, 1030)
[2024-08-09 12:51:21,180] root - INFO - Download button created
[2024-08-09 12:51:21,195] root - INFO - Data saved successfully
[2024-08-09 12:51:56,208] root - INFO - Validation data saved successfully
[2024-08-09 12:52:25,618] root - INFO - Validation data saved successfully
[2024-08-09 12:52:55,987] root - INFO - Ran descriptor method MolecularDescriptors
[2024-08-09 12:52:55,988] root - WARNING - No fingerprint types selected for FingerprintCalculator
[2024-08-09 12:53:32,141] root - INFO - Ran descriptor method MolecularDescriptors
[2024-08-09 12:53:32,192] root - INFO - Ran FingerprintCalculator with types ['ecfp4']
[2024-08-09 12:53:32,241] root - INFO - Displayed DataFrame shape: (74, 1030)
[2024-08-09 12:53:32,253] root - INFO - Download button created
[2024-08-09 12:53:32,269] root - INFO - Data saved successfully
[2024-08-09 12:53:51,104] root - INFO - Validation data saved successfully
[2024-08-09 12:54:29,197] root - INFO - Ran descriptor method MolecularDescriptors
[2024-08-09 12:54:29,199] root - INFO - Displayed DataFrame shape: (74, 6)
[2024-08-09 12:54:29,200] root - INFO - Download button created
[2024-08-09 12:54:29,202] root - INFO - Data saved successfully
[2024-08-09 12:55:20,620] root - INFO - Ran descriptor method MolecularDescriptors
[2024-08-09 12:55:58,766] root - INFO - Ran descriptor method Mol_Descriptor
[2024-08-09 12:55:58,820] root - INFO - Ran FingerprintCalculator with types ['ecfp4']
[2024-08-09 12:55:58,871] root - INFO - Displayed DataFrame shape: (74, 1037)
[2024-08-09 12:55:58,885] root - INFO - Download button created
[2024-08-09 12:55:58,899] root - INFO - Data saved successfully
[2024-08-09 13:04:00,132] root - INFO - Ran descriptor method Mol_Descriptor
[2024-08-09 13:04:00,186] root - INFO - Ran FingerprintCalculator with types ['ecfp4']
[2024-08-09 13:04:00,235] root - INFO - Displayed DataFrame shape: (74, 1037)
[2024-08-09 13:04:00,248] root - INFO - Download button created
[2024-08-09 13:04:00,263] root - INFO - Data saved successfully
[2024-08-09 13:04:20,993] root - INFO - Ran descriptor method Mol_Descriptor
[2024-08-09 13:04:21,047] root - INFO - Ran FingerprintCalculator with types ['ecfp4']
[2024-08-09 13:04:21,100] root - INFO - Displayed DataFrame shape: (74, 1037)
[2024-08-09 13:04:21,113] root - INFO - Download button created
[2024-08-09 13:04:21,128] root - INFO - Data saved successfully
[2024-08-09 13:04:35,536] root - INFO - Ran descriptor method MolecularDescriptors
[2024-08-09 13:04:35,538] root - INFO - Displayed DataFrame shape: (74, 6)
[2024-08-09 13:04:35,539] root - INFO - Download button created
[2024-08-09 13:04:35,540] root - INFO - Data saved successfully
[2024-08-09 13:04:48,111] root - INFO - Ran descriptor method Mol_Descriptor
[2024-08-09 13:04:48,112] root - WARNING - No fingerprint types selected for FingerprintCalculator
[2024-08-09 13:04:48,116] root - INFO - Displayed DataFrame shape: (74, 13)
[2024-08-09 13:04:48,118] root - INFO - Download button created
[2024-08-09 13:04:48,120] root - INFO - Data saved successfully
[2024-08-09 13:06:23,675] root - INFO - Ran descriptor method Mol_Descriptor
[2024-08-09 13:06:23,679] root - INFO - Displayed DataFrame shape: (74, 13)
[2024-08-09 13:06:23,681] root - INFO - Download button created
[2024-08-09 13:06:23,683] root - INFO - Data saved successfully
[2024-08-09 13:07:09,926] root - INFO - Ran descriptor method NitrogenRuleCalculator1
[2024-08-09 13:07:09,976] root - INFO - Ran FingerprintCalculator with types ['ecfp2']
[2024-08-09 13:07:10,027] root - INFO - Displayed DataFrame shape: (74, 1030)
[2024-08-09 13:07:10,039] root - INFO - Download button created
[2024-08-09 13:07:10,054] root - INFO - Data saved successfully
[2024-08-09 13:07:27,355] root - INFO - Ran descriptor method Mol_Descriptor
[2024-08-09 13:07:27,409] root - INFO - Ran FingerprintCalculator with types ['ecfp2']
[2024-08-09 13:07:27,462] root - INFO - Displayed DataFrame shape: (74, 1037)
[2024-08-09 13:07:27,474] root - INFO - Download button created
[2024-08-09 13:07:27,490] root - INFO - Data saved successfully
[2024-08-09 13:08:03,571] root - ERROR - Error parsing SMILES 'Cc1ccc(S(=O)(=O)OC[C@@H]2CN3[C@@H](CC[C@@H](C)[C@H]3c3ccc(Br)cc3)C(=O)O2)cc1': name 'pysmiles' is not defined
[2024-08-09 13:08:03,572] root - ERROR - Error parsing SMILES 'COc1cccc2oc(-c3ccccc3)cc(=O)c12': name 'pysmiles' is not defined
[2024-08-09 13:08:03,572] root - ERROR - Error parsing SMILES 'CCC(=O)Nc1ccc(Cl)c(Cl)c1': name 'pysmiles' is not defined
[2024-08-09 13:08:03,572] root - ERROR - Error parsing SMILES 'Cc1ccc2oc(-c3ccccc3)cc(=O)c2c1': name 'pysmiles' is not defined
[2024-08-09 13:08:03,572] root - ERROR - Error parsing SMILES 'CCCC[C@@H]1CN2[C@@H](CC[C@@H](C)[C@H]2c2ccc(Br)cc2)C(=O)O1': name 'pysmiles' is not defined
[2024-08-09 13:08:03,572] root - ERROR - Error parsing SMILES 'C=C[C@]1(C)CC(=O)[C@]2(O)[C@](C)(O1)C(OC(C)=O)C(O)C1C(C)(C)CCC(O)[C@@]12C': name 'pysmiles' is not defined
[2024-08-09 13:08:03,572] root - ERROR - Error parsing SMILES 'CC(=O)OC1CC2C(C)(C)C(O)CC[C@@]2(C)C2CC[C@@]3(C)C(c4ccoc4)OC(=O)C4O[C@@]43[C@]12C': name 'pysmiles' is not defined
[2024-08-09 13:08:03,572] root - ERROR - Error parsing SMILES 'COC(=O)CC1C(C)(C)C(=O)C2CC3=C(CC[C@]4(C)C3=CC(=O)OC4c3ccoc3)[C@@]1(C)C2=O': name 'pysmiles' is not defined
[2024-08-09 13:08:03,572] root - ERROR - Error parsing SMILES 'CCO[C@H](c1cc(OC)cc([N+](=O)[O-])c1OC)[C@H](C)/C=C\CC(=O)OC': name 'pysmiles' is not defined
[2024-08-09 13:08:03,572] root - ERROR - Error parsing SMILES 'COC(=O)C[C@@H]1O[C@H]1[C@H](C)[C@@H](OC)C(C)C': name 'pysmiles' is not defined
[2024-08-09 13:08:03,572] root - ERROR - Error parsing SMILES 'Oc1ccc2c(c1)OC(c1ccc(O)c(O)c1)C(O)C2': name 'pysmiles' is not defined
[2024-08-09 13:08:03,572] root - ERROR - Error parsing SMILES 'COc1ccccc1-c1cc(=O)c2cccc(OC)c2o1': name 'pysmiles' is not defined
[2024-08-09 13:08:03,572] root - ERROR - Error parsing SMILES 'Cc1c(C(=O)NC2CCCCC2)sc2nc3ccc(N)cc3n12.Cl': name 'pysmiles' is not defined
[2024-08-09 13:08:03,572] root - ERROR - Error parsing SMILES 'OCCOCCN1CCN(C2=Nc3ccccc3Sc3ccccc32)CC1': name 'pysmiles' is not defined
[2024-08-09 13:08:03,572] root - ERROR - Error parsing SMILES 'CCc1cc2c(nc1CC)CCN(CC/C(C)=N/OC[C@@H](O)COCc1ccco1)C2': name 'pysmiles' is not defined
[2024-08-09 13:08:03,572] root - ERROR - Error parsing SMILES 'CCNc1cc(O)ccc1C': name 'pysmiles' is not defined
[2024-08-09 13:08:03,572] root - ERROR - Error parsing SMILES 'Oc1cccc(Nc2ccccc2)c1': name 'pysmiles' is not defined
[2024-08-09 13:08:03,572] root - ERROR - Error parsing SMILES 'CCc1cc2c(nc1CC)CCN(CC/C(C)=N/O[C@@H](C)c1cn([C@H](CO)Cc3ccccc3)nn1)C2': name 'pysmiles' is not defined
[2024-08-09 13:08:03,572] root - ERROR - Error parsing SMILES 'CCN(CC)c1cccc(O)c1': name 'pysmiles' is not defined
[2024-08-09 13:08:03,572] root - ERROR - Error parsing SMILES 'CCc1cc2c(nc1CC)CCN(CC/C(C)=N/OCC[C@@H]1C=C[C@H](OC(C)=O)[C@H](COC(C)=O)O1)C2': name 'pysmiles' is not defined
[2024-08-09 13:08:03,572] root - ERROR - Error parsing SMILES 'CN1CCN(CCCN2c3ccccc3Sc3ccc(C(F)(F)F)cc32)CC1.Cl.Cl': name 'pysmiles' is not defined
[2024-08-09 13:08:03,572] root - ERROR - Error parsing SMILES 'CCc1cc2c(nc1CC)CCN(CC/C(C)=N/O[C@@H](C)CN1CCCCc3nc(C)c(C)cc31)C2': name 'pysmiles' is not defined
[2024-08-09 13:08:03,572] root - ERROR - Error parsing SMILES 'COc1cc(O)cc(OC)c1OC': name 'pysmiles' is not defined
[2024-08-09 13:08:03,572] root - ERROR - Error parsing SMILES 'CCc1cc2c(nc1CC)CCN(CC/C(C)=N/O[C@@H](C)CN1CCCc3nc(C)c(C)cc31)C2': name 'pysmiles' is not defined
[2024-08-09 13:08:03,572] root - ERROR - Error parsing SMILES 'Cc1cc(=O)oc2c(O)c(O)ccc12': name 'pysmiles' is not defined
[2024-08-09 13:08:03,572] root - ERROR - Error parsing SMILES 'N#CCCCl': name 'pysmiles' is not defined
[2024-08-09 13:08:03,573] root - ERROR - Error parsing SMILES 'CCc1cc2c(nc1CC)CCN(CC/C(C)=N/OC[C@@H](O)[C@@H]1O[C@@H]3OC(C)(C)O[C@@H]3[C@H]1O)C2': name 'pysmiles' is not defined
[2024-08-09 13:08:03,573] root - ERROR - Error parsing SMILES 'CCOC(=O)C(CCc1ccccc1)NC(C)C(=O)N1C(C(=O)O)CC2CCCC21': name 'pysmiles' is not defined
[2024-08-09 13:08:03,573] root - ERROR - Error parsing SMILES 'O=C=Nc1ccc(Cc2ccc(N=C=O)cc2)cc1': name 'pysmiles' is not defined
[2024-08-09 13:08:03,573] root - ERROR - Error parsing SMILES 'CSc1ccc2c(c1)N(CCC1CCCCN1C)c1ccccc1S2.Cl': name 'pysmiles' is not defined
[2024-08-09 13:08:03,573] root - ERROR - Error parsing SMILES 'CCCNC(=O)OC[C@@H]1O[C@H](CCO/N=C(\C)CCN2CCc3nc(-c4ccccc4)c(-c4ccccc4)cc3C2)C=C[C@@H]1Oc1ccc(OC)cc1': name 'pysmiles' is not defined
[2024-08-09 13:08:03,573] root - ERROR - Error parsing SMILES 'CC(=O)OC[C@@H]1O[C@H](CCO/N=C(\C)CCN2CCc3nc(-c4ccccc4)c(-c4ccccc4)cc3C2)C=C[C@@H]1OC(C)=O': name 'pysmiles' is not defined
[2024-08-09 13:08:03,573] root - ERROR - Error parsing SMILES 'Cc1cc(C(C)(C)C)cc(C)c1CC1=NCCN1.Cl': name 'pysmiles' is not defined
[2024-08-09 13:08:03,573] root - ERROR - Error parsing SMILES 'CCCCCCCCCc1ccc(OCCOCCOCCOCCOCCOCCOCCOCCOCCO)cc1': name 'pysmiles' is not defined
[2024-08-09 13:08:03,573] root - ERROR - Error parsing SMILES 'CCc1cc2c(nc1CC)CCN(CC/C(C)=N/O[C@@H](C)c1cc(-c3c(C)cc(C)cc3C)no1)C2': name 'pysmiles' is not defined
[2024-08-09 13:08:03,573] root - ERROR - Error parsing SMILES 'CCOP(=S)(OCC)Oc1ccc2c(C)c(Cl)c(=O)oc2c1': name 'pysmiles' is not defined
[2024-08-09 13:08:03,573] root - ERROR - Error parsing SMILES 'CCc1cc2c(nc1CC)CCN(CC/C(C)=N/OC[C@@H](C)[C@H](OCc1ccccc1)C(C)C)C2': name 'pysmiles' is not defined
[2024-08-09 13:08:03,573] root - ERROR - Error parsing SMILES 'C[N+](C)(C)CCO.[Cl-]': name 'pysmiles' is not defined
[2024-08-09 13:08:03,573] root - ERROR - Error parsing SMILES 'C/C(CCN1CCc2nc(-c3ccccc3)c(-c3ccccc3)cc2C1)=N\OC[C@@H](O)COCc1ccco1': name 'pysmiles' is not defined
[2024-08-09 13:08:03,573] root - ERROR - Error parsing SMILES 'O=[N+]([O-])c1cc(C(F)(F)F)cc([N+](=O)[O-])c1Cl': name 'pysmiles' is not defined
[2024-08-09 13:08:03,573] root - ERROR - Error parsing SMILES 'C=CCc1ccc(OC(=O)c2ccccc2)c(OC)c1': name 'pysmiles' is not defined
[2024-08-09 13:08:03,573] root - ERROR - Error parsing SMILES 'C/C(CCN1CCc2nc(-c3ccccc3)c(-c3ccccc3)cc2C1)=N\O[C@@H](C)c1cn([C@H](CO)Cc2ccccc2)nn1': name 'pysmiles' is not defined
[2024-08-09 13:08:03,573] root - ERROR - Error parsing SMILES 'CC1CC(O)[C@]2(O)[C@]13CC(=O)OC[C@@]2(C)[C@@](C)(O)C(=O)C3': name 'pysmiles' is not defined
[2024-08-09 13:08:03,573] root - ERROR - Error parsing SMILES 'CC(=O)OC1CC2C(C)(C)C(O)CC[C@@]2(C)C2CC[C@@]3(C)C(c4ccoc4)OC(=O)C4OC43[C@]12C': name 'pysmiles' is not defined
[2024-08-09 13:08:03,573] root - ERROR - Error parsing SMILES 'C/C(CCN1CCc2nc(-c3ccccc3)c(-c3ccccc3)cc2C1)=N\O[C@@H](C)CN1CCCc2nc(C)c(C)cc21': name 'pysmiles' is not defined
[2024-08-09 13:08:03,573] root - ERROR - Error parsing SMILES 'CC(=O)Oc1cccc(O)c1': name 'pysmiles' is not defined
[2024-08-09 13:08:03,573] root - ERROR - Error parsing SMILES 'C/C(CCN1CCc2nc(-c3ccccc3)c(-c3ccccc3)cc2C1)=N\O[C@@H](C)CN1CCCCc2nc(C)c(C)cc21': name 'pysmiles' is not defined
[2024-08-09 13:08:03,573] root - ERROR - Error parsing SMILES 'CC(CN(C)C)CN1c2ccccc2CCc2ccccc21.O=C(O)/C=C\C(=O)O': name 'pysmiles' is not defined
[2024-08-09 13:08:03,573] root - ERROR - Error parsing SMILES 'C=CC[C@@H]1C=C[C@H](O/N=C(\C)CCN2CCc3nc(-c4ccccc4)c(-c4ccccc4)cc3C2)[C@H](CO)O1': name 'pysmiles' is not defined
[2024-08-09 13:08:03,573] root - ERROR - Error parsing SMILES 'CCC(C(=O)[O-])C1CCC(C)C(C(C)C(O)C(C)C(=O)C(CC)C2OC3(C=CC(O)[C@@]4(CC[C@](C)(C5CC[C@@](O)(CC)C(C)O5)O4)O3)C(C)CC2C)O1.[Na+]': name 'pysmiles' is not defined
[2024-08-09 13:08:03,573] root - ERROR - Error parsing SMILES 'Cc1cc(Nc2ccc(O)cc2)ccc1N': name 'pysmiles' is not defined
[2024-08-09 13:08:03,573] root - ERROR - Error parsing SMILES 'C/C(CCN1CCc2nc(-c3ccccc3)c(-c3ccccc3)cc2C1)=N\OC[C@@H](O)[C@@H]1O[C@@H]2OC(C)(C)O[C@@H]2[C@H]1O': name 'pysmiles' is not defined
[2024-08-09 13:08:03,573] root - ERROR - Error parsing SMILES 'Nc1ccc(C(=O)Oc2ccccc2)c(O)c1': name 'pysmiles' is not defined
[2024-08-09 13:08:03,573] root - ERROR - Error parsing SMILES 'COc1ccccc1/C=C/C(=O)C1=[SH]CC=C1': name 'pysmiles' is not defined
[2024-08-09 13:08:03,573] root - ERROR - Error parsing SMILES 'CCCNC(=O)OC[C@@H]1O[C@H](CCO/N=C\[C@@H](OC)[C@H](C)/C=C\CC(=O)OC)C=C[C@@H]1Oc1ccc(OC)cc1': name 'pysmiles' is not defined
[2024-08-09 13:08:03,573] root - ERROR - Error parsing SMILES 'COc1cc(/C=C/C(=O)c2cccs2)cc(OC)c1OC': name 'pysmiles' is not defined
[2024-08-09 13:08:03,573] root - ERROR - Error parsing SMILES 'Cc1ccc(N)cc1[N+](=O)[O-]': name 'pysmiles' is not defined
[2024-08-09 13:08:03,573] root - ERROR - Error parsing SMILES 'COC(=O)C/C=C\[C@@H](C)[C@@H](/C=N\OC[C@@H]1O[C@H](c2ccccc2)C=C[C@@H]1Oc1ccc(OC)cc1)OC': name 'pysmiles' is not defined
[2024-08-09 13:08:03,573] root - ERROR - Error parsing SMILES 'COC(=O)C/C=C\[C@@H](C)[C@@H](/C=N\O[C@@H](C)CN1CCCc2nc(C)c(C)cc21)OC': name 'pysmiles' is not defined
[2024-08-09 13:08:03,574] root - ERROR - Error parsing SMILES 'O=C(/C=C/c1ccc(Cl)cc1)C1=[SH]CC=C1': name 'pysmiles' is not defined
[2024-08-09 13:08:03,574] root - ERROR - Error parsing SMILES 'COC(=O)C/C=C\[C@@H](C)[C@@H](/C=N\O[C@@H](C)CN1CCCCc2nc(C)c(C)cc21)OC': name 'pysmiles' is not defined
[2024-08-09 13:08:03,574] root - ERROR - Error parsing SMILES 'CSc1ccc2c(c1)C(N1CCN(C)CC1)Cc1ccccc1S2.O=C(O)/C=C\C(=O)O': name 'pysmiles' is not defined
[2024-08-09 13:08:03,574] root - ERROR - Error parsing SMILES 'COC(=O)/C(=C1\OC(=O)C(c2ccccc2)C1=O)c1ccccc1': name 'pysmiles' is not defined
[2024-08-09 13:08:03,574] root - ERROR - Error parsing SMILES 'COc1ccc(C(=O)Nc2ccccc2)cc1[N+](=O)[O-]': name 'pysmiles' is not defined
[2024-08-09 13:08:03,574] root - ERROR - Error parsing SMILES 'C/C(CCN1CCc2nc(-c3ccccc3)c(-c3ccccc3)cc2C1)=N\OC[C@@H](C)[C@H](OCc1ccccc1)C(C)C': name 'pysmiles' is not defined
[2024-08-09 13:08:03,574] root - ERROR - Error parsing SMILES 'CC1=C(/C=C/C(C)=C/C=C/C(C)=C/C(=O)Nc2ccc(O)cc2)C(C)(C)CCC1': name 'pysmiles' is not defined
[2024-08-09 13:08:03,574] root - ERROR - Error parsing SMILES 'CCCCCCOc1ccccc1C(N)=O': name 'pysmiles' is not defined
[2024-08-09 13:08:03,574] root - ERROR - Error parsing SMILES 'Clc1ccc2[nH]c(-c3ccccc3)nc2c1': name 'pysmiles' is not defined
[2024-08-09 13:08:03,574] root - ERROR - Error parsing SMILES 'C/C(CCN1CCc2nc(-c3ccccc3)c(-c3ccccc3)cc2C1)=N\O[C@@H](C)c1cc(-c2c(C)cc(C)cc2C)no1': name 'pysmiles' is not defined
[2024-08-09 13:08:03,574] root - ERROR - Error parsing SMILES 'c1cc2c3c(c1)ccc1cccc(c13)C2': name 'pysmiles' is not defined
[2024-08-09 13:08:03,574] root - ERROR - Error parsing SMILES 'CC(=O)OC1CC2C(C)(C)C(O)C=C[C@@]2(C)C2CC[C@@]3(C)C(c4ccoc4)OC(=O)C4OC43[C@]12C': name 'pysmiles' is not defined
[2024-08-09 13:08:03,574] root - ERROR - Error parsing SMILES 'COc1c(O)cc2c(-c3ccccc3)cc(=O)oc2c1OC': name 'pysmiles' is not defined
[2024-08-09 13:08:03,574] root - ERROR - Error parsing SMILES 'CCN(CC)CCOC(=O)C(Cc1cccc2ccccc12)CC1CCCO1.O=C(O)C(=O)O': name 'pysmiles' is not defined
[2024-08-09 13:08:03,574] root - ERROR - Error parsing SMILES 'CC(=O)OC[C@H]1O[C@@H](O/N=C(\C)CCN2CCc3nc(-c4ccccc4)c(-c4ccccc4)cc3C2)[C@H](OC(C)=O)[C@@H](OC(C)=O)[C@H]1OC(C)=O': name 'pysmiles' is not defined
[2024-08-09 13:08:03,670] root - ERROR - Error parsing SMILES 'Cc1ccc(S(=O)(=O)OC[C@@H]2CN3[C@@H](CC[C@@H](C)[C@H]3c3ccc(Br)cc3)C(=O)O2)cc1': name 'pysmiles' is not defined
[2024-08-09 13:08:03,670] root - ERROR - Error parsing SMILES 'COc1cccc2oc(-c3ccccc3)cc(=O)c12': name 'pysmiles' is not defined
[2024-08-09 13:08:03,670] root - ERROR - Error parsing SMILES 'CCC(=O)Nc1ccc(Cl)c(Cl)c1': name 'pysmiles' is not defined
[2024-08-09 13:08:03,670] root - ERROR - Error parsing SMILES 'Cc1ccc2oc(-c3ccccc3)cc(=O)c2c1': name 'pysmiles' is not defined
[2024-08-09 13:08:03,670] root - ERROR - Error parsing SMILES 'CCCC[C@@H]1CN2[C@@H](CC[C@@H](C)[C@H]2c2ccc(Br)cc2)C(=O)O1': name 'pysmiles' is not defined
[2024-08-09 13:08:03,670] root - ERROR - Error parsing SMILES 'C=C[C@]1(C)CC(=O)[C@]2(O)[C@](C)(O1)C(OC(C)=O)C(O)C1C(C)(C)CCC(O)[C@@]12C': name 'pysmiles' is not defined
[2024-08-09 13:08:03,670] root - ERROR - Error parsing SMILES 'CC(=O)OC1CC2C(C)(C)C(O)CC[C@@]2(C)C2CC[C@@]3(C)C(c4ccoc4)OC(=O)C4O[C@@]43[C@]12C': name 'pysmiles' is not defined
[2024-08-09 13:08:03,670] root - ERROR - Error parsing SMILES 'COC(=O)CC1C(C)(C)C(=O)C2CC3=C(CC[C@]4(C)C3=CC(=O)OC4c3ccoc3)[C@@]1(C)C2=O': name 'pysmiles' is not defined
[2024-08-09 13:08:03,670] root - ERROR - Error parsing SMILES 'CCO[C@H](c1cc(OC)cc([N+](=O)[O-])c1OC)[C@H](C)/C=C\CC(=O)OC': name 'pysmiles' is not defined
[2024-08-09 13:08:03,670] root - ERROR - Error parsing SMILES 'COC(=O)C[C@@H]1O[C@H]1[C@H](C)[C@@H](OC)C(C)C': name 'pysmiles' is not defined
[2024-08-09 13:08:03,671] root - ERROR - Error parsing SMILES 'Oc1ccc2c(c1)OC(c1ccc(O)c(O)c1)C(O)C2': name 'pysmiles' is not defined
[2024-08-09 13:08:03,671] root - ERROR - Error parsing SMILES 'COc1ccccc1-c1cc(=O)c2cccc(OC)c2o1': name 'pysmiles' is not defined
[2024-08-09 13:08:03,671] root - ERROR - Error parsing SMILES 'Cc1c(C(=O)NC2CCCCC2)sc2nc3ccc(N)cc3n12.Cl': name 'pysmiles' is not defined
[2024-08-09 13:08:03,671] root - ERROR - Error parsing SMILES 'OCCOCCN1CCN(C2=Nc3ccccc3Sc3ccccc32)CC1': name 'pysmiles' is not defined
[2024-08-09 13:08:03,671] root - ERROR - Error parsing SMILES 'CCc1cc2c(nc1CC)CCN(CC/C(C)=N/OC[C@@H](O)COCc1ccco1)C2': name 'pysmiles' is not defined
[2024-08-09 13:08:03,671] root - ERROR - Error parsing SMILES 'CCNc1cc(O)ccc1C': name 'pysmiles' is not defined
[2024-08-09 13:08:03,671] root - ERROR - Error parsing SMILES 'Oc1cccc(Nc2ccccc2)c1': name 'pysmiles' is not defined
[2024-08-09 13:08:03,671] root - ERROR - Error parsing SMILES 'CCc1cc2c(nc1CC)CCN(CC/C(C)=N/O[C@@H](C)c1cn([C@H](CO)Cc3ccccc3)nn1)C2': name 'pysmiles' is not defined
[2024-08-09 13:08:03,671] root - ERROR - Error parsing SMILES 'CCN(CC)c1cccc(O)c1': name 'pysmiles' is not defined
[2024-08-09 13:08:03,671] root - ERROR - Error parsing SMILES 'CCc1cc2c(nc1CC)CCN(CC/C(C)=N/OCC[C@@H]1C=C[C@H](OC(C)=O)[C@H](COC(C)=O)O1)C2': name 'pysmiles' is not defined
[2024-08-09 13:08:03,671] root - ERROR - Error parsing SMILES 'CN1CCN(CCCN2c3ccccc3Sc3ccc(C(F)(F)F)cc32)CC1.Cl.Cl': name 'pysmiles' is not defined
[2024-08-09 13:08:03,671] root - ERROR - Error parsing SMILES 'CCc1cc2c(nc1CC)CCN(CC/C(C)=N/O[C@@H](C)CN1CCCCc3nc(C)c(C)cc31)C2': name 'pysmiles' is not defined
[2024-08-09 13:08:03,671] root - ERROR - Error parsing SMILES 'COc1cc(O)cc(OC)c1OC': name 'pysmiles' is not defined
[2024-08-09 13:08:03,671] root - ERROR - Error parsing SMILES 'CCc1cc2c(nc1CC)CCN(CC/C(C)=N/O[C@@H](C)CN1CCCc3nc(C)c(C)cc31)C2': name 'pysmiles' is not defined
[2024-08-09 13:08:03,671] root - ERROR - Error parsing SMILES 'Cc1cc(=O)oc2c(O)c(O)ccc12': name 'pysmiles' is not defined
[2024-08-09 13:08:03,671] root - ERROR - Error parsing SMILES 'N#CCCCl': name 'pysmiles' is not defined
[2024-08-09 13:08:03,671] root - ERROR - Error parsing SMILES 'CCc1cc2c(nc1CC)CCN(CC/C(C)=N/OC[C@@H](O)[C@@H]1O[C@@H]3OC(C)(C)O[C@@H]3[C@H]1O)C2': name 'pysmiles' is not defined
[2024-08-09 13:08:03,671] root - ERROR - Error parsing SMILES 'CCOC(=O)C(CCc1ccccc1)NC(C)C(=O)N1C(C(=O)O)CC2CCCC21': name 'pysmiles' is not defined
[2024-08-09 13:08:03,671] root - ERROR - Error parsing SMILES 'O=C=Nc1ccc(Cc2ccc(N=C=O)cc2)cc1': name 'pysmiles' is not defined
[2024-08-09 13:08:03,671] root - ERROR - Error parsing SMILES 'CSc1ccc2c(c1)N(CCC1CCCCN1C)c1ccccc1S2.Cl': name 'pysmiles' is not defined
[2024-08-09 13:08:03,671] root - ERROR - Error parsing SMILES 'CCCNC(=O)OC[C@@H]1O[C@H](CCO/N=C(\C)CCN2CCc3nc(-c4ccccc4)c(-c4ccccc4)cc3C2)C=C[C@@H]1Oc1ccc(OC)cc1': name 'pysmiles' is not defined
[2024-08-09 13:08:03,671] root - ERROR - Error parsing SMILES 'CC(=O)OC[C@@H]1O[C@H](CCO/N=C(\C)CCN2CCc3nc(-c4ccccc4)c(-c4ccccc4)cc3C2)C=C[C@@H]1OC(C)=O': name 'pysmiles' is not defined
[2024-08-09 13:08:03,671] root - ERROR - Error parsing SMILES 'Cc1cc(C(C)(C)C)cc(C)c1CC1=NCCN1.Cl': name 'pysmiles' is not defined
[2024-08-09 13:08:03,671] root - ERROR - Error parsing SMILES 'CCCCCCCCCc1ccc(OCCOCCOCCOCCOCCOCCOCCOCCOCCO)cc1': name 'pysmiles' is not defined
[2024-08-09 13:08:03,671] root - ERROR - Error parsing SMILES 'CCc1cc2c(nc1CC)CCN(CC/C(C)=N/O[C@@H](C)c1cc(-c3c(C)cc(C)cc3C)no1)C2': name 'pysmiles' is not defined
[2024-08-09 13:08:03,671] root - ERROR - Error parsing SMILES 'CCOP(=S)(OCC)Oc1ccc2c(C)c(Cl)c(=O)oc2c1': name 'pysmiles' is not defined
[2024-08-09 13:08:03,671] root - ERROR - Error parsing SMILES 'CCc1cc2c(nc1CC)CCN(CC/C(C)=N/OC[C@@H](C)[C@H](OCc1ccccc1)C(C)C)C2': name 'pysmiles' is not defined
[2024-08-09 13:08:03,671] root - ERROR - Error parsing SMILES 'C[N+](C)(C)CCO.[Cl-]': name 'pysmiles' is not defined
[2024-08-09 13:08:03,671] root - ERROR - Error parsing SMILES 'C/C(CCN1CCc2nc(-c3ccccc3)c(-c3ccccc3)cc2C1)=N\OC[C@@H](O)COCc1ccco1': name 'pysmiles' is not defined
[2024-08-09 13:08:03,671] root - ERROR - Error parsing SMILES 'O=[N+]([O-])c1cc(C(F)(F)F)cc([N+](=O)[O-])c1Cl': name 'pysmiles' is not defined
[2024-08-09 13:08:03,671] root - ERROR - Error parsing SMILES 'C=CCc1ccc(OC(=O)c2ccccc2)c(OC)c1': name 'pysmiles' is not defined
[2024-08-09 13:08:03,671] root - ERROR - Error parsing SMILES 'C/C(CCN1CCc2nc(-c3ccccc3)c(-c3ccccc3)cc2C1)=N\O[C@@H](C)c1cn([C@H](CO)Cc2ccccc2)nn1': name 'pysmiles' is not defined
[2024-08-09 13:08:03,671] root - ERROR - Error parsing SMILES 'CC1CC(O)[C@]2(O)[C@]13CC(=O)OC[C@@]2(C)[C@@](C)(O)C(=O)C3': name 'pysmiles' is not defined
[2024-08-09 13:08:03,672] root - ERROR - Error parsing SMILES 'CC(=O)OC1CC2C(C)(C)C(O)CC[C@@]2(C)C2CC[C@@]3(C)C(c4ccoc4)OC(=O)C4OC43[C@]12C': name 'pysmiles' is not defined
[2024-08-09 13:08:03,672] root - ERROR - Error parsing SMILES 'C/C(CCN1CCc2nc(-c3ccccc3)c(-c3ccccc3)cc2C1)=N\O[C@@H](C)CN1CCCc2nc(C)c(C)cc21': name 'pysmiles' is not defined
[2024-08-09 13:08:03,672] root - ERROR - Error parsing SMILES 'CC(=O)Oc1cccc(O)c1': name 'pysmiles' is not defined
[2024-08-09 13:08:03,672] root - ERROR - Error parsing SMILES 'C/C(CCN1CCc2nc(-c3ccccc3)c(-c3ccccc3)cc2C1)=N\O[C@@H](C)CN1CCCCc2nc(C)c(C)cc21': name 'pysmiles' is not defined
[2024-08-09 13:08:03,672] root - ERROR - Error parsing SMILES 'CC(CN(C)C)CN1c2ccccc2CCc2ccccc21.O=C(O)/C=C\C(=O)O': name 'pysmiles' is not defined
[2024-08-09 13:08:03,672] root - ERROR - Error parsing SMILES 'C=CC[C@@H]1C=C[C@H](O/N=C(\C)CCN2CCc3nc(-c4ccccc4)c(-c4ccccc4)cc3C2)[C@H](CO)O1': name 'pysmiles' is not defined
[2024-08-09 13:08:03,672] root - ERROR - Error parsing SMILES 'CCC(C(=O)[O-])C1CCC(C)C(C(C)C(O)C(C)C(=O)C(CC)C2OC3(C=CC(O)[C@@]4(CC[C@](C)(C5CC[C@@](O)(CC)C(C)O5)O4)O3)C(C)CC2C)O1.[Na+]': name 'pysmiles' is not defined
[2024-08-09 13:08:03,672] root - ERROR - Error parsing SMILES 'Cc1cc(Nc2ccc(O)cc2)ccc1N': name 'pysmiles' is not defined
[2024-08-09 13:08:03,672] root - ERROR - Error parsing SMILES 'C/C(CCN1CCc2nc(-c3ccccc3)c(-c3ccccc3)cc2C1)=N\OC[C@@H](O)[C@@H]1O[C@@H]2OC(C)(C)O[C@@H]2[C@H]1O': name 'pysmiles' is not defined
[2024-08-09 13:08:03,672] root - ERROR - Error parsing SMILES 'Nc1ccc(C(=O)Oc2ccccc2)c(O)c1': name 'pysmiles' is not defined
[2024-08-09 13:08:03,672] root - ERROR - Error parsing SMILES 'COc1ccccc1/C=C/C(=O)C1=[SH]CC=C1': name 'pysmiles' is not defined
[2024-08-09 13:08:03,672] root - ERROR - Error parsing SMILES 'CCCNC(=O)OC[C@@H]1O[C@H](CCO/N=C\[C@@H](OC)[C@H](C)/C=C\CC(=O)OC)C=C[C@@H]1Oc1ccc(OC)cc1': name 'pysmiles' is not defined
[2024-08-09 13:08:03,672] root - ERROR - Error parsing SMILES 'COc1cc(/C=C/C(=O)c2cccs2)cc(OC)c1OC': name 'pysmiles' is not defined
[2024-08-09 13:08:03,672] root - ERROR - Error parsing SMILES 'Cc1ccc(N)cc1[N+](=O)[O-]': name 'pysmiles' is not defined
[2024-08-09 13:08:03,672] root - ERROR - Error parsing SMILES 'COC(=O)C/C=C\[C@@H](C)[C@@H](/C=N\OC[C@@H]1O[C@H](c2ccccc2)C=C[C@@H]1Oc1ccc(OC)cc1)OC': name 'pysmiles' is not defined
[2024-08-09 13:08:03,672] root - ERROR - Error parsing SMILES 'COC(=O)C/C=C\[C@@H](C)[C@@H](/C=N\O[C@@H](C)CN1CCCc2nc(C)c(C)cc21)OC': name 'pysmiles' is not defined
[2024-08-09 13:08:03,672] root - ERROR - Error parsing SMILES 'O=C(/C=C/c1ccc(Cl)cc1)C1=[SH]CC=C1': name 'pysmiles' is not defined
[2024-08-09 13:08:03,672] root - ERROR - Error parsing SMILES 'COC(=O)C/C=C\[C@@H](C)[C@@H](/C=N\O[C@@H](C)CN1CCCCc2nc(C)c(C)cc21)OC': name 'pysmiles' is not defined
[2024-08-09 13:08:03,672] root - ERROR - Error parsing SMILES 'CSc1ccc2c(c1)C(N1CCN(C)CC1)Cc1ccccc1S2.O=C(O)/C=C\C(=O)O': name 'pysmiles' is not defined
[2024-08-09 13:08:03,672] root - ERROR - Error parsing SMILES 'COC(=O)/C(=C1\OC(=O)C(c2ccccc2)C1=O)c1ccccc1': name 'pysmiles' is not defined
[2024-08-09 13:08:03,672] root - ERROR - Error parsing SMILES 'COc1ccc(C(=O)Nc2ccccc2)cc1[N+](=O)[O-]': name 'pysmiles' is not defined
[2024-08-09 13:08:03,672] root - ERROR - Error parsing SMILES 'C/C(CCN1CCc2nc(-c3ccccc3)c(-c3ccccc3)cc2C1)=N\OC[C@@H](C)[C@H](OCc1ccccc1)C(C)C': name 'pysmiles' is not defined
[2024-08-09 13:08:03,672] root - ERROR - Error parsing SMILES 'CC1=C(/C=C/C(C)=C/C=C/C(C)=C/C(=O)Nc2ccc(O)cc2)C(C)(C)CCC1': name 'pysmiles' is not defined
[2024-08-09 13:08:03,672] root - ERROR - Error parsing SMILES 'CCCCCCOc1ccccc1C(N)=O': name 'pysmiles' is not defined
[2024-08-09 13:08:03,672] root - ERROR - Error parsing SMILES 'Clc1ccc2[nH]c(-c3ccccc3)nc2c1': name 'pysmiles' is not defined
[2024-08-09 13:08:03,672] root - ERROR - Error parsing SMILES 'C/C(CCN1CCc2nc(-c3ccccc3)c(-c3ccccc3)cc2C1)=N\O[C@@H](C)c1cc(-c2c(C)cc(C)cc2C)no1': name 'pysmiles' is not defined
[2024-08-09 13:08:03,672] root - ERROR - Error parsing SMILES 'c1cc2c3c(c1)ccc1cccc(c13)C2': name 'pysmiles' is not defined
[2024-08-09 13:08:03,672] root - ERROR - Error parsing SMILES 'CC(=O)OC1CC2C(C)(C)C(O)C=C[C@@]2(C)C2CC[C@@]3(C)C(c4ccoc4)OC(=O)C4OC43[C@]12C': name 'pysmiles' is not defined
[2024-08-09 13:08:03,673] root - ERROR - Error parsing SMILES 'COc1c(O)cc2c(-c3ccccc3)cc(=O)oc2c1OC': name 'pysmiles' is not defined
[2024-08-09 13:08:03,673] root - ERROR - Error parsing SMILES 'CCN(CC)CCOC(=O)C(Cc1cccc2ccccc12)CC1CCCO1.O=C(O)C(=O)O': name 'pysmiles' is not defined
[2024-08-09 13:08:03,673] root - ERROR - Error parsing SMILES 'CC(=O)OC[C@H]1O[C@@H](O/N=C(\C)CCN2CCc3nc(-c4ccccc4)c(-c4ccccc4)cc3C2)[C@H](OC(C)=O)[C@@H](OC(C)=O)[C@H]1OC(C)=O': name 'pysmiles' is not defined
[2024-08-09 13:08:03,767] root - ERROR - Error parsing SMILES 'Cc1ccc(S(=O)(=O)OC[C@@H]2CN3[C@@H](CC[C@@H](C)[C@H]3c3ccc(Br)cc3)C(=O)O2)cc1': name 'pysmiles' is not defined
[2024-08-09 13:08:03,767] root - ERROR - Error parsing SMILES 'COc1cccc2oc(-c3ccccc3)cc(=O)c12': name 'pysmiles' is not defined
[2024-08-09 13:08:03,767] root - ERROR - Error parsing SMILES 'CCC(=O)Nc1ccc(Cl)c(Cl)c1': name 'pysmiles' is not defined
[2024-08-09 13:08:03,767] root - ERROR - Error parsing SMILES 'Cc1ccc2oc(-c3ccccc3)cc(=O)c2c1': name 'pysmiles' is not defined
[2024-08-09 13:08:03,767] root - ERROR - Error parsing SMILES 'CCCC[C@@H]1CN2[C@@H](CC[C@@H](C)[C@H]2c2ccc(Br)cc2)C(=O)O1': name 'pysmiles' is not defined
[2024-08-09 13:08:03,767] root - ERROR - Error parsing SMILES 'C=C[C@]1(C)CC(=O)[C@]2(O)[C@](C)(O1)C(OC(C)=O)C(O)C1C(C)(C)CCC(O)[C@@]12C': name 'pysmiles' is not defined
[2024-08-09 13:08:03,767] root - ERROR - Error parsing SMILES 'CC(=O)OC1CC2C(C)(C)C(O)CC[C@@]2(C)C2CC[C@@]3(C)C(c4ccoc4)OC(=O)C4O[C@@]43[C@]12C': name 'pysmiles' is not defined
[2024-08-09 13:08:03,767] root - ERROR - Error parsing SMILES 'COC(=O)CC1C(C)(C)C(=O)C2CC3=C(CC[C@]4(C)C3=CC(=O)OC4c3ccoc3)[C@@]1(C)C2=O': name 'pysmiles' is not defined
[2024-08-09 13:08:03,767] root - ERROR - Error parsing SMILES 'CCO[C@H](c1cc(OC)cc([N+](=O)[O-])c1OC)[C@H](C)/C=C\CC(=O)OC': name 'pysmiles' is not defined
[2024-08-09 13:08:03,767] root - ERROR - Error parsing SMILES 'COC(=O)C[C@@H]1O[C@H]1[C@H](C)[C@@H](OC)C(C)C': name 'pysmiles' is not defined
[2024-08-09 13:08:03,767] root - ERROR - Error parsing SMILES 'Oc1ccc2c(c1)OC(c1ccc(O)c(O)c1)C(O)C2': name 'pysmiles' is not defined
[2024-08-09 13:08:03,767] root - ERROR - Error parsing SMILES 'COc1ccccc1-c1cc(=O)c2cccc(OC)c2o1': name 'pysmiles' is not defined
[2024-08-09 13:08:03,767] root - ERROR - Error parsing SMILES 'Cc1c(C(=O)NC2CCCCC2)sc2nc3ccc(N)cc3n12.Cl': name 'pysmiles' is not defined
[2024-08-09 13:08:03,767] root - ERROR - Error parsing SMILES 'OCCOCCN1CCN(C2=Nc3ccccc3Sc3ccccc32)CC1': name 'pysmiles' is not defined
[2024-08-09 13:08:03,768] root - ERROR - Error parsing SMILES 'CCc1cc2c(nc1CC)CCN(CC/C(C)=N/OC[C@@H](O)COCc1ccco1)C2': name 'pysmiles' is not defined
[2024-08-09 13:08:03,768] root - ERROR - Error parsing SMILES 'CCNc1cc(O)ccc1C': name 'pysmiles' is not defined
[2024-08-09 13:08:03,768] root - ERROR - Error parsing SMILES 'Oc1cccc(Nc2ccccc2)c1': name 'pysmiles' is not defined
[2024-08-09 13:08:03,768] root - ERROR - Error parsing SMILES 'CCc1cc2c(nc1CC)CCN(CC/C(C)=N/O[C@@H](C)c1cn([C@H](CO)Cc3ccccc3)nn1)C2': name 'pysmiles' is not defined
[2024-08-09 13:08:03,768] root - ERROR - Error parsing SMILES 'CCN(CC)c1cccc(O)c1': name 'pysmiles' is not defined
[2024-08-09 13:08:03,768] root - ERROR - Error parsing SMILES 'CCc1cc2c(nc1CC)CCN(CC/C(C)=N/OCC[C@@H]1C=C[C@H](OC(C)=O)[C@H](COC(C)=O)O1)C2': name 'pysmiles' is not defined
[2024-08-09 13:08:03,768] root - ERROR - Error parsing SMILES 'CN1CCN(CCCN2c3ccccc3Sc3ccc(C(F)(F)F)cc32)CC1.Cl.Cl': name 'pysmiles' is not defined
[2024-08-09 13:08:03,768] root - ERROR - Error parsing SMILES 'CCc1cc2c(nc1CC)CCN(CC/C(C)=N/O[C@@H](C)CN1CCCCc3nc(C)c(C)cc31)C2': name 'pysmiles' is not defined
[2024-08-09 13:08:03,768] root - ERROR - Error parsing SMILES 'COc1cc(O)cc(OC)c1OC': name 'pysmiles' is not defined
[2024-08-09 13:08:03,768] root - ERROR - Error parsing SMILES 'CCc1cc2c(nc1CC)CCN(CC/C(C)=N/O[C@@H](C)CN1CCCc3nc(C)c(C)cc31)C2': name 'pysmiles' is not defined
[2024-08-09 13:08:03,768] root - ERROR - Error parsing SMILES 'Cc1cc(=O)oc2c(O)c(O)ccc12': name 'pysmiles' is not defined
[2024-08-09 13:08:03,768] root - ERROR - Error parsing SMILES 'N#CCCCl': name 'pysmiles' is not defined
[2024-08-09 13:08:03,768] root - ERROR - Error parsing SMILES 'CCc1cc2c(nc1CC)CCN(CC/C(C)=N/OC[C@@H](O)[C@@H]1O[C@@H]3OC(C)(C)O[C@@H]3[C@H]1O)C2': name 'pysmiles' is not defined
[2024-08-09 13:08:03,768] root - ERROR - Error parsing SMILES 'CCOC(=O)C(CCc1ccccc1)NC(C)C(=O)N1C(C(=O)O)CC2CCCC21': name 'pysmiles' is not defined
[2024-08-09 13:08:03,768] root - ERROR - Error parsing SMILES 'O=C=Nc1ccc(Cc2ccc(N=C=O)cc2)cc1': name 'pysmiles' is not defined
[2024-08-09 13:08:03,768] root - ERROR - Error parsing SMILES 'CSc1ccc2c(c1)N(CCC1CCCCN1C)c1ccccc1S2.Cl': name 'pysmiles' is not defined
[2024-08-09 13:08:03,768] root - ERROR - Error parsing SMILES 'CCCNC(=O)OC[C@@H]1O[C@H](CCO/N=C(\C)CCN2CCc3nc(-c4ccccc4)c(-c4ccccc4)cc3C2)C=C[C@@H]1Oc1ccc(OC)cc1': name 'pysmiles' is not defined
[2024-08-09 13:08:03,768] root - ERROR - Error parsing SMILES 'CC(=O)OC[C@@H]1O[C@H](CCO/N=C(\C)CCN2CCc3nc(-c4ccccc4)c(-c4ccccc4)cc3C2)C=C[C@@H]1OC(C)=O': name 'pysmiles' is not defined
[2024-08-09 13:08:03,768] root - ERROR - Error parsing SMILES 'Cc1cc(C(C)(C)C)cc(C)c1CC1=NCCN1.Cl': name 'pysmiles' is not defined
[2024-08-09 13:08:03,768] root - ERROR - Error parsing SMILES 'CCCCCCCCCc1ccc(OCCOCCOCCOCCOCCOCCOCCOCCOCCO)cc1': name 'pysmiles' is not defined
[2024-08-09 13:08:03,768] root - ERROR - Error parsing SMILES 'CCc1cc2c(nc1CC)CCN(CC/C(C)=N/O[C@@H](C)c1cc(-c3c(C)cc(C)cc3C)no1)C2': name 'pysmiles' is not defined
[2024-08-09 13:08:03,768] root - ERROR - Error parsing SMILES 'CCOP(=S)(OCC)Oc1ccc2c(C)c(Cl)c(=O)oc2c1': name 'pysmiles' is not defined
[2024-08-09 13:08:03,768] root - ERROR - Error parsing SMILES 'CCc1cc2c(nc1CC)CCN(CC/C(C)=N/OC[C@@H](C)[C@H](OCc1ccccc1)C(C)C)C2': name 'pysmiles' is not defined
[2024-08-09 13:08:03,769] root - ERROR - Error parsing SMILES 'C[N+](C)(C)CCO.[Cl-]': name 'pysmiles' is not defined
[2024-08-09 13:08:03,769] root - ERROR - Error parsing SMILES 'C/C(CCN1CCc2nc(-c3ccccc3)c(-c3ccccc3)cc2C1)=N\OC[C@@H](O)COCc1ccco1': name 'pysmiles' is not defined
[2024-08-09 13:08:03,769] root - ERROR - Error parsing SMILES 'O=[N+]([O-])c1cc(C(F)(F)F)cc([N+](=O)[O-])c1Cl': name 'pysmiles' is not defined
[2024-08-09 13:08:03,769] root - ERROR - Error parsing SMILES 'C=CCc1ccc(OC(=O)c2ccccc2)c(OC)c1': name 'pysmiles' is not defined
[2024-08-09 13:08:03,769] root - ERROR - Error parsing SMILES 'C/C(CCN1CCc2nc(-c3ccccc3)c(-c3ccccc3)cc2C1)=N\O[C@@H](C)c1cn([C@H](CO)Cc2ccccc2)nn1': name 'pysmiles' is not defined
[2024-08-09 13:08:03,769] root - ERROR - Error parsing SMILES 'CC1CC(O)[C@]2(O)[C@]13CC(=O)OC[C@@]2(C)[C@@](C)(O)C(=O)C3': name 'pysmiles' is not defined
[2024-08-09 13:08:03,769] root - ERROR - Error parsing SMILES 'CC(=O)OC1CC2C(C)(C)C(O)CC[C@@]2(C)C2CC[C@@]3(C)C(c4ccoc4)OC(=O)C4OC43[C@]12C': name 'pysmiles' is not defined
[2024-08-09 13:08:03,769] root - ERROR - Error parsing SMILES 'C/C(CCN1CCc2nc(-c3ccccc3)c(-c3ccccc3)cc2C1)=N\O[C@@H](C)CN1CCCc2nc(C)c(C)cc21': name 'pysmiles' is not defined
[2024-08-09 13:08:03,769] root - ERROR - Error parsing SMILES 'CC(=O)Oc1cccc(O)c1': name 'pysmiles' is not defined
[2024-08-09 13:08:03,769] root - ERROR - Error parsing SMILES 'C/C(CCN1CCc2nc(-c3ccccc3)c(-c3ccccc3)cc2C1)=N\O[C@@H](C)CN1CCCCc2nc(C)c(C)cc21': name 'pysmiles' is not defined
[2024-08-09 13:08:03,769] root - ERROR - Error parsing SMILES 'CC(CN(C)C)CN1c2ccccc2CCc2ccccc21.O=C(O)/C=C\C(=O)O': name 'pysmiles' is not defined
[2024-08-09 13:08:03,769] root - ERROR - Error parsing SMILES 'C=CC[C@@H]1C=C[C@H](O/N=C(\C)CCN2CCc3nc(-c4ccccc4)c(-c4ccccc4)cc3C2)[C@H](CO)O1': name 'pysmiles' is not defined
[2024-08-09 13:08:03,769] root - ERROR - Error parsing SMILES 'CCC(C(=O)[O-])C1CCC(C)C(C(C)C(O)C(C)C(=O)C(CC)C2OC3(C=CC(O)[C@@]4(CC[C@](C)(C5CC[C@@](O)(CC)C(C)O5)O4)O3)C(C)CC2C)O1.[Na+]': name 'pysmiles' is not defined
[2024-08-09 13:08:03,769] root - ERROR - Error parsing SMILES 'Cc1cc(Nc2ccc(O)cc2)ccc1N': name 'pysmiles' is not defined
[2024-08-09 13:08:03,769] root - ERROR - Error parsing SMILES 'C/C(CCN1CCc2nc(-c3ccccc3)c(-c3ccccc3)cc2C1)=N\OC[C@@H](O)[C@@H]1O[C@@H]2OC(C)(C)O[C@@H]2[C@H]1O': name 'pysmiles' is not defined
[2024-08-09 13:08:03,769] root - ERROR - Error parsing SMILES 'Nc1ccc(C(=O)Oc2ccccc2)c(O)c1': name 'pysmiles' is not defined
[2024-08-09 13:08:03,769] root - ERROR - Error parsing SMILES 'COc1ccccc1/C=C/C(=O)C1=[SH]CC=C1': name 'pysmiles' is not defined
[2024-08-09 13:08:03,769] root - ERROR - Error parsing SMILES 'CCCNC(=O)OC[C@@H]1O[C@H](CCO/N=C\[C@@H](OC)[C@H](C)/C=C\CC(=O)OC)C=C[C@@H]1Oc1ccc(OC)cc1': name 'pysmiles' is not defined
[2024-08-09 13:08:03,769] root - ERROR - Error parsing SMILES 'COc1cc(/C=C/C(=O)c2cccs2)cc(OC)c1OC': name 'pysmiles' is not defined
[2024-08-09 13:08:03,769] root - ERROR - Error parsing SMILES 'Cc1ccc(N)cc1[N+](=O)[O-]': name 'pysmiles' is not defined
[2024-08-09 13:08:03,769] root - ERROR - Error parsing SMILES 'COC(=O)C/C=C\[C@@H](C)[C@@H](/C=N\OC[C@@H]1O[C@H](c2ccccc2)C=C[C@@H]1Oc1ccc(OC)cc1)OC': name 'pysmiles' is not defined
[2024-08-09 13:08:03,769] root - ERROR - Error parsing SMILES 'COC(=O)C/C=C\[C@@H](C)[C@@H](/C=N\O[C@@H](C)CN1CCCc2nc(C)c(C)cc21)OC': name 'pysmiles' is not defined
[2024-08-09 13:08:03,769] root - ERROR - Error parsing SMILES 'O=C(/C=C/c1ccc(Cl)cc1)C1=[SH]CC=C1': name 'pysmiles' is not defined
[2024-08-09 13:08:03,769] root - ERROR - Error parsing SMILES 'COC(=O)C/C=C\[C@@H](C)[C@@H](/C=N\O[C@@H](C)CN1CCCCc2nc(C)c(C)cc21)OC': name 'pysmiles' is not defined
[2024-08-09 13:08:03,769] root - ERROR - Error parsing SMILES 'CSc1ccc2c(c1)C(N1CCN(C)CC1)Cc1ccccc1S2.O=C(O)/C=C\C(=O)O': name 'pysmiles' is not defined
[2024-08-09 13:08:03,769] root - ERROR - Error parsing SMILES 'COC(=O)/C(=C1\OC(=O)C(c2ccccc2)C1=O)c1ccccc1': name 'pysmiles' is not defined
[2024-08-09 13:08:03,769] root - ERROR - Error parsing SMILES 'COc1ccc(C(=O)Nc2ccccc2)cc1[N+](=O)[O-]': name 'pysmiles' is not defined
[2024-08-09 13:08:03,769] root - ERROR - Error parsing SMILES 'C/C(CCN1CCc2nc(-c3ccccc3)c(-c3ccccc3)cc2C1)=N\OC[C@@H](C)[C@H](OCc1ccccc1)C(C)C': name 'pysmiles' is not defined
[2024-08-09 13:08:03,769] root - ERROR - Error parsing SMILES 'CC1=C(/C=C/C(C)=C/C=C/C(C)=C/C(=O)Nc2ccc(O)cc2)C(C)(C)CCC1': name 'pysmiles' is not defined
[2024-08-09 13:08:03,769] root - ERROR - Error parsing SMILES 'CCCCCCOc1ccccc1C(N)=O': name 'pysmiles' is not defined
[2024-08-09 13:08:03,769] root - ERROR - Error parsing SMILES 'Clc1ccc2[nH]c(-c3ccccc3)nc2c1': name 'pysmiles' is not defined
[2024-08-09 13:08:03,769] root - ERROR - Error parsing SMILES 'C/C(CCN1CCc2nc(-c3ccccc3)c(-c3ccccc3)cc2C1)=N\O[C@@H](C)c1cc(-c2c(C)cc(C)cc2C)no1': name 'pysmiles' is not defined
[2024-08-09 13:08:03,769] root - ERROR - Error parsing SMILES 'c1cc2c3c(c1)ccc1cccc(c13)C2': name 'pysmiles' is not defined
[2024-08-09 13:08:03,770] root - ERROR - Error parsing SMILES 'CC(=O)OC1CC2C(C)(C)C(O)C=C[C@@]2(C)C2CC[C@@]3(C)C(c4ccoc4)OC(=O)C4OC43[C@]12C': name 'pysmiles' is not defined
[2024-08-09 13:08:03,770] root - ERROR - Error parsing SMILES 'COc1c(O)cc2c(-c3ccccc3)cc(=O)oc2c1OC': name 'pysmiles' is not defined
[2024-08-09 13:08:03,770] root - ERROR - Error parsing SMILES 'CCN(CC)CCOC(=O)C(Cc1cccc2ccccc12)CC1CCCO1.O=C(O)C(=O)O': name 'pysmiles' is not defined
[2024-08-09 13:08:03,770] root - ERROR - Error parsing SMILES 'CC(=O)OC[C@H]1O[C@@H](O/N=C(\C)CCN2CCc3nc(-c4ccccc4)c(-c4ccccc4)cc3C2)[C@H](OC(C)=O)[C@@H](OC(C)=O)[C@H]1OC(C)=O': name 'pysmiles' is not defined
[2024-08-09 13:08:03,864] root - ERROR - Error parsing SMILES 'Cc1ccc(S(=O)(=O)OC[C@@H]2CN3[C@@H](CC[C@@H](C)[C@H]3c3ccc(Br)cc3)C(=O)O2)cc1': name 'pysmiles' is not defined
[2024-08-09 13:08:03,864] root - ERROR - Error parsing SMILES 'COc1cccc2oc(-c3ccccc3)cc(=O)c12': name 'pysmiles' is not defined
[2024-08-09 13:08:03,864] root - ERROR - Error parsing SMILES 'CCC(=O)Nc1ccc(Cl)c(Cl)c1': name 'pysmiles' is not defined
[2024-08-09 13:08:03,864] root - ERROR - Error parsing SMILES 'Cc1ccc2oc(-c3ccccc3)cc(=O)c2c1': name 'pysmiles' is not defined
[2024-08-09 13:08:03,864] root - ERROR - Error parsing SMILES 'CCCC[C@@H]1CN2[C@@H](CC[C@@H](C)[C@H]2c2ccc(Br)cc2)C(=O)O1': name 'pysmiles' is not defined
[2024-08-09 13:08:03,864] root - ERROR - Error parsing SMILES 'C=C[C@]1(C)CC(=O)[C@]2(O)[C@](C)(O1)C(OC(C)=O)C(O)C1C(C)(C)CCC(O)[C@@]12C': name 'pysmiles' is not defined
[2024-08-09 13:08:03,864] root - ERROR - Error parsing SMILES 'CC(=O)OC1CC2C(C)(C)C(O)CC[C@@]2(C)C2CC[C@@]3(C)C(c4ccoc4)OC(=O)C4O[C@@]43[C@]12C': name 'pysmiles' is not defined
[2024-08-09 13:08:03,864] root - ERROR - Error parsing SMILES 'COC(=O)CC1C(C)(C)C(=O)C2CC3=C(CC[C@]4(C)C3=CC(=O)OC4c3ccoc3)[C@@]1(C)C2=O': name 'pysmiles' is not defined
[2024-08-09 13:08:03,864] root - ERROR - Error parsing SMILES 'CCO[C@H](c1cc(OC)cc([N+](=O)[O-])c1OC)[C@H](C)/C=C\CC(=O)OC': name 'pysmiles' is not defined
[2024-08-09 13:08:03,864] root - ERROR - Error parsing SMILES 'COC(=O)C[C@@H]1O[C@H]1[C@H](C)[C@@H](OC)C(C)C': name 'pysmiles' is not defined
[2024-08-09 13:08:03,864] root - ERROR - Error parsing SMILES 'Oc1ccc2c(c1)OC(c1ccc(O)c(O)c1)C(O)C2': name 'pysmiles' is not defined
[2024-08-09 13:08:03,864] root - ERROR - Error parsing SMILES 'COc1ccccc1-c1cc(=O)c2cccc(OC)c2o1': name 'pysmiles' is not defined
[2024-08-09 13:08:03,864] root - ERROR - Error parsing SMILES 'Cc1c(C(=O)NC2CCCCC2)sc2nc3ccc(N)cc3n12.Cl': name 'pysmiles' is not defined
[2024-08-09 13:08:03,864] root - ERROR - Error parsing SMILES 'OCCOCCN1CCN(C2=Nc3ccccc3Sc3ccccc32)CC1': name 'pysmiles' is not defined
[2024-08-09 13:08:03,864] root - ERROR - Error parsing SMILES 'CCc1cc2c(nc1CC)CCN(CC/C(C)=N/OC[C@@H](O)COCc1ccco1)C2': name 'pysmiles' is not defined
[2024-08-09 13:08:03,864] root - ERROR - Error parsing SMILES 'CCNc1cc(O)ccc1C': name 'pysmiles' is not defined
[2024-08-09 13:08:03,864] root - ERROR - Error parsing SMILES 'Oc1cccc(Nc2ccccc2)c1': name 'pysmiles' is not defined
[2024-08-09 13:08:03,864] root - ERROR - Error parsing SMILES 'CCc1cc2c(nc1CC)CCN(CC/C(C)=N/O[C@@H](C)c1cn([C@H](CO)Cc3ccccc3)nn1)C2': name 'pysmiles' is not defined
[2024-08-09 13:08:03,864] root - ERROR - Error parsing SMILES 'CCN(CC)c1cccc(O)c1': name 'pysmiles' is not defined
[2024-08-09 13:08:03,865] root - ERROR - Error parsing SMILES 'CCc1cc2c(nc1CC)CCN(CC/C(C)=N/OCC[C@@H]1C=C[C@H](OC(C)=O)[C@H](COC(C)=O)O1)C2': name 'pysmiles' is not defined
[2024-08-09 13:08:03,865] root - ERROR - Error parsing SMILES 'CN1CCN(CCCN2c3ccccc3Sc3ccc(C(F)(F)F)cc32)CC1.Cl.Cl': name 'pysmiles' is not defined
[2024-08-09 13:08:03,865] root - ERROR - Error parsing SMILES 'CCc1cc2c(nc1CC)CCN(CC/C(C)=N/O[C@@H](C)CN1CCCCc3nc(C)c(C)cc31)C2': name 'pysmiles' is not defined
[2024-08-09 13:08:03,865] root - ERROR - Error parsing SMILES 'COc1cc(O)cc(OC)c1OC': name 'pysmiles' is not defined
[2024-08-09 13:08:03,865] root - ERROR - Error parsing SMILES 'CCc1cc2c(nc1CC)CCN(CC/C(C)=N/O[C@@H](C)CN1CCCc3nc(C)c(C)cc31)C2': name 'pysmiles' is not defined
[2024-08-09 13:08:03,865] root - ERROR - Error parsing SMILES 'Cc1cc(=O)oc2c(O)c(O)ccc12': name 'pysmiles' is not defined
[2024-08-09 13:08:03,865] root - ERROR - Error parsing SMILES 'N#CCCCl': name 'pysmiles' is not defined
[2024-08-09 13:08:03,865] root - ERROR - Error parsing SMILES 'CCc1cc2c(nc1CC)CCN(CC/C(C)=N/OC[C@@H](O)[C@@H]1O[C@@H]3OC(C)(C)O[C@@H]3[C@H]1O)C2': name 'pysmiles' is not defined
[2024-08-09 13:08:03,865] root - ERROR - Error parsing SMILES 'CCOC(=O)C(CCc1ccccc1)NC(C)C(=O)N1C(C(=O)O)CC2CCCC21': name 'pysmiles' is not defined
[2024-08-09 13:08:03,865] root - ERROR - Error parsing SMILES 'O=C=Nc1ccc(Cc2ccc(N=C=O)cc2)cc1': name 'pysmiles' is not defined
[2024-08-09 13:08:03,865] root - ERROR - Error parsing SMILES 'CSc1ccc2c(c1)N(CCC1CCCCN1C)c1ccccc1S2.Cl': name 'pysmiles' is not defined
[2024-08-09 13:08:03,865] root - ERROR - Error parsing SMILES 'CCCNC(=O)OC[C@@H]1O[C@H](CCO/N=C(\C)CCN2CCc3nc(-c4ccccc4)c(-c4ccccc4)cc3C2)C=C[C@@H]1Oc1ccc(OC)cc1': name 'pysmiles' is not defined
[2024-08-09 13:08:03,865] root - ERROR - Error parsing SMILES 'CC(=O)OC[C@@H]1O[C@H](CCO/N=C(\C)CCN2CCc3nc(-c4ccccc4)c(-c4ccccc4)cc3C2)C=C[C@@H]1OC(C)=O': name 'pysmiles' is not defined
[2024-08-09 13:08:03,865] root - ERROR - Error parsing SMILES 'Cc1cc(C(C)(C)C)cc(C)c1CC1=NCCN1.Cl': name 'pysmiles' is not defined
[2024-08-09 13:08:03,865] root - ERROR - Error parsing SMILES 'CCCCCCCCCc1ccc(OCCOCCOCCOCCOCCOCCOCCOCCOCCO)cc1': name 'pysmiles' is not defined
[2024-08-09 13:08:03,865] root - ERROR - Error parsing SMILES 'CCc1cc2c(nc1CC)CCN(CC/C(C)=N/O[C@@H](C)c1cc(-c3c(C)cc(C)cc3C)no1)C2': name 'pysmiles' is not defined
[2024-08-09 13:08:03,865] root - ERROR - Error parsing SMILES 'CCOP(=S)(OCC)Oc1ccc2c(C)c(Cl)c(=O)oc2c1': name 'pysmiles' is not defined
[2024-08-09 13:08:03,865] root - ERROR - Error parsing SMILES 'CCc1cc2c(nc1CC)CCN(CC/C(C)=N/OC[C@@H](C)[C@H](OCc1ccccc1)C(C)C)C2': name 'pysmiles' is not defined
[2024-08-09 13:08:03,865] root - ERROR - Error parsing SMILES 'C[N+](C)(C)CCO.[Cl-]': name 'pysmiles' is not defined
[2024-08-09 13:08:03,865] root - ERROR - Error parsing SMILES 'C/C(CCN1CCc2nc(-c3ccccc3)c(-c3ccccc3)cc2C1)=N\OC[C@@H](O)COCc1ccco1': name 'pysmiles' is not defined
[2024-08-09 13:08:03,865] root - ERROR - Error parsing SMILES 'O=[N+]([O-])c1cc(C(F)(F)F)cc([N+](=O)[O-])c1Cl': name 'pysmiles' is not defined
[2024-08-09 13:08:03,865] root - ERROR - Error parsing SMILES 'C=CCc1ccc(OC(=O)c2ccccc2)c(OC)c1': name 'pysmiles' is not defined
[2024-08-09 13:08:03,865] root - ERROR - Error parsing SMILES 'C/C(CCN1CCc2nc(-c3ccccc3)c(-c3ccccc3)cc2C1)=N\O[C@@H](C)c1cn([C@H](CO)Cc2ccccc2)nn1': name 'pysmiles' is not defined
[2024-08-09 13:08:03,865] root - ERROR - Error parsing SMILES 'CC1CC(O)[C@]2(O)[C@]13CC(=O)OC[C@@]2(C)[C@@](C)(O)C(=O)C3': name 'pysmiles' is not defined
[2024-08-09 13:08:03,865] root - ERROR - Error parsing SMILES 'CC(=O)OC1CC2C(C)(C)C(O)CC[C@@]2(C)C2CC[C@@]3(C)C(c4ccoc4)OC(=O)C4OC43[C@]12C': name 'pysmiles' is not defined
[2024-08-09 13:08:03,865] root - ERROR - Error parsing SMILES 'C/C(CCN1CCc2nc(-c3ccccc3)c(-c3ccccc3)cc2C1)=N\O[C@@H](C)CN1CCCc2nc(C)c(C)cc21': name 'pysmiles' is not defined
[2024-08-09 13:08:03,865] root - ERROR - Error parsing SMILES 'CC(=O)Oc1cccc(O)c1': name 'pysmiles' is not defined
[2024-08-09 13:08:03,865] root - ERROR - Error parsing SMILES 'C/C(CCN1CCc2nc(-c3ccccc3)c(-c3ccccc3)cc2C1)=N\O[C@@H](C)CN1CCCCc2nc(C)c(C)cc21': name 'pysmiles' is not defined
[2024-08-09 13:08:03,865] root - ERROR - Error parsing SMILES 'CC(CN(C)C)CN1c2ccccc2CCc2ccccc21.O=C(O)/C=C\C(=O)O': name 'pysmiles' is not defined
[2024-08-09 13:08:03,865] root - ERROR - Error parsing SMILES 'C=CC[C@@H]1C=C[C@H](O/N=C(\C)CCN2CCc3nc(-c4ccccc4)c(-c4ccccc4)cc3C2)[C@H](CO)O1': name 'pysmiles' is not defined
[2024-08-09 13:08:03,865] root - ERROR - Error parsing SMILES 'CCC(C(=O)[O-])C1CCC(C)C(C(C)C(O)C(C)C(=O)C(CC)C2OC3(C=CC(O)[C@@]4(CC[C@](C)(C5CC[C@@](O)(CC)C(C)O5)O4)O3)C(C)CC2C)O1.[Na+]': name 'pysmiles' is not defined
[2024-08-09 13:08:03,866] root - ERROR - Error parsing SMILES 'Cc1cc(Nc2ccc(O)cc2)ccc1N': name 'pysmiles' is not defined
[2024-08-09 13:08:03,866] root - ERROR - Error parsing SMILES 'C/C(CCN1CCc2nc(-c3ccccc3)c(-c3ccccc3)cc2C1)=N\OC[C@@H](O)[C@@H]1O[C@@H]2OC(C)(C)O[C@@H]2[C@H]1O': name 'pysmiles' is not defined
[2024-08-09 13:08:03,866] root - ERROR - Error parsing SMILES 'Nc1ccc(C(=O)Oc2ccccc2)c(O)c1': name 'pysmiles' is not defined
[2024-08-09 13:08:03,866] root - ERROR - Error parsing SMILES 'COc1ccccc1/C=C/C(=O)C1=[SH]CC=C1': name 'pysmiles' is not defined
[2024-08-09 13:08:03,866] root - ERROR - Error parsing SMILES 'CCCNC(=O)OC[C@@H]1O[C@H](CCO/N=C\[C@@H](OC)[C@H](C)/C=C\CC(=O)OC)C=C[C@@H]1Oc1ccc(OC)cc1': name 'pysmiles' is not defined
[2024-08-09 13:08:03,866] root - ERROR - Error parsing SMILES 'COc1cc(/C=C/C(=O)c2cccs2)cc(OC)c1OC': name 'pysmiles' is not defined
[2024-08-09 13:08:03,866] root - ERROR - Error parsing SMILES 'Cc1ccc(N)cc1[N+](=O)[O-]': name 'pysmiles' is not defined
[2024-08-09 13:08:03,866] root - ERROR - Error parsing SMILES 'COC(=O)C/C=C\[C@@H](C)[C@@H](/C=N\OC[C@@H]1O[C@H](c2ccccc2)C=C[C@@H]1Oc1ccc(OC)cc1)OC': name 'pysmiles' is not defined
[2024-08-09 13:08:03,866] root - ERROR - Error parsing SMILES 'COC(=O)C/C=C\[C@@H](C)[C@@H](/C=N\O[C@@H](C)CN1CCCc2nc(C)c(C)cc21)OC': name 'pysmiles' is not defined
[2024-08-09 13:08:03,866] root - ERROR - Error parsing SMILES 'O=C(/C=C/c1ccc(Cl)cc1)C1=[SH]CC=C1': name 'pysmiles' is not defined
[2024-08-09 13:08:03,866] root - ERROR - Error parsing SMILES 'COC(=O)C/C=C\[C@@H](C)[C@@H](/C=N\O[C@@H](C)CN1CCCCc2nc(C)c(C)cc21)OC': name 'pysmiles' is not defined
[2024-08-09 13:08:03,866] root - ERROR - Error parsing SMILES 'CSc1ccc2c(c1)C(N1CCN(C)CC1)Cc1ccccc1S2.O=C(O)/C=C\C(=O)O': name 'pysmiles' is not defined
[2024-08-09 13:08:03,866] root - ERROR - Error parsing SMILES 'COC(=O)/C(=C1\OC(=O)C(c2ccccc2)C1=O)c1ccccc1': name 'pysmiles' is not defined
[2024-08-09 13:08:03,866] root - ERROR - Error parsing SMILES 'COc1ccc(C(=O)Nc2ccccc2)cc1[N+](=O)[O-]': name 'pysmiles' is not defined
[2024-08-09 13:08:03,866] root - ERROR - Error parsing SMILES 'C/C(CCN1CCc2nc(-c3ccccc3)c(-c3ccccc3)cc2C1)=N\OC[C@@H](C)[C@H](OCc1ccccc1)C(C)C': name 'pysmiles' is not defined
[2024-08-09 13:08:03,866] root - ERROR - Error parsing SMILES 'CC1=C(/C=C/C(C)=C/C=C/C(C)=C/C(=O)Nc2ccc(O)cc2)C(C)(C)CCC1': name 'pysmiles' is not defined
[2024-08-09 13:08:03,866] root - ERROR - Error parsing SMILES 'CCCCCCOc1ccccc1C(N)=O': name 'pysmiles' is not defined
[2024-08-09 13:08:03,866] root - ERROR - Error parsing SMILES 'Clc1ccc2[nH]c(-c3ccccc3)nc2c1': name 'pysmiles' is not defined
[2024-08-09 13:08:03,866] root - ERROR - Error parsing SMILES 'C/C(CCN1CCc2nc(-c3ccccc3)c(-c3ccccc3)cc2C1)=N\O[C@@H](C)c1cc(-c2c(C)cc(C)cc2C)no1': name 'pysmiles' is not defined
[2024-08-09 13:08:03,866] root - ERROR - Error parsing SMILES 'c1cc2c3c(c1)ccc1cccc(c13)C2': name 'pysmiles' is not defined
[2024-08-09 13:08:03,866] root - ERROR - Error parsing SMILES 'CC(=O)OC1CC2C(C)(C)C(O)C=C[C@@]2(C)C2CC[C@@]3(C)C(c4ccoc4)OC(=O)C4OC43[C@]12C': name 'pysmiles' is not defined
[2024-08-09 13:08:03,866] root - ERROR - Error parsing SMILES 'COc1c(O)cc2c(-c3ccccc3)cc(=O)oc2c1OC': name 'pysmiles' is not defined
[2024-08-09 13:08:03,866] root - ERROR - Error parsing SMILES 'CCN(CC)CCOC(=O)C(Cc1cccc2ccccc12)CC1CCCO1.O=C(O)C(=O)O': name 'pysmiles' is not defined
[2024-08-09 13:08:03,866] root - ERROR - Error parsing SMILES 'CC(=O)OC[C@H]1O[C@@H](O/N=C(\C)CCN2CCc3nc(-c4ccccc4)c(-c4ccccc4)cc3C2)[C@H](OC(C)=O)[C@@H](OC(C)=O)[C@H]1OC(C)=O': name 'pysmiles' is not defined
[2024-08-09 13:08:30,757] root - INFO - Ran descriptor method Halogen_Descriptors
[2024-08-09 13:08:36,543] root - INFO - Ran descriptor method Mol_Descriptor
[2024-08-09 13:08:36,594] root - INFO - Ran FingerprintCalculator with types ['ecfp0']
[2024-08-09 13:08:36,645] root - INFO - Displayed DataFrame shape: (74, 1037)
[2024-08-09 13:08:36,658] root - INFO - Download button created
[2024-08-09 13:08:36,673] root - INFO - Data saved successfully
[2024-08-09 13:08:51,404] root - INFO - Ran descriptor method Mol_Descriptor
[2024-08-09 13:08:51,454] root - INFO - Ran FingerprintCalculator with types ['ecfp0']
[2024-08-09 13:08:51,505] root - INFO - Displayed DataFrame shape: (74, 1037)
[2024-08-09 13:08:51,518] root - INFO - Download button created
[2024-08-09 13:08:51,532] root - INFO - Data saved successfully
